{"numTotalTestSuites":5,"numPassedTestSuites":0,"numFailedTestSuites":5,"numPendingTestSuites":0,"numTotalTests":9,"numPassedTests":8,"numFailedTests":1,"numPendingTests":0,"numTodoTests":0,"snapshot":{"added":0,"failure":false,"filesAdded":0,"filesRemoved":0,"filesRemovedList":[],"filesUnmatched":0,"filesUpdated":0,"matched":0,"total":0,"unchecked":0,"uncheckedKeysByFile":[],"unmatched":0,"updated":0,"didUpdate":false},"startTime":1764429951030,"success":false,"testResults":[{"assertionResults":[],"startTime":1764429951030,"endTime":1764429951030,"status":"failed","message":"Failed to resolve import \"../../server.js\" from \"backend/tests/gemini-routes.test.js\". Does the file exist?","name":"D:/project/tech_genius_project/backend/tests/gemini-routes.test.js"},{"assertionResults":[],"startTime":1764429951030,"endTime":1764429951030,"status":"failed","message":"__vite_ssr_import_1__.default is not a constructor","name":"D:/project/tech_genius_project/backend/tests/history-search.test.js"},{"assertionResults":[],"startTime":1764429951030,"endTime":1764429951030,"status":"failed","message":"Failed to resolve import \"../../services/rag-service.js\" from \"backend/tests/rag-service.test.js\". Does the file exist?","name":"D:/project/tech_genius_project/backend/tests/rag-service.test.js"},{"assertionResults":[{"ancestorTitles":["GeminiChatPanel"],"fullName":"GeminiChatPanel renders closed when isOpen=false","status":"passed","title":"renders closed when isOpen=false","duration":24.684200000000146,"failureMessages":[],"meta":{}},{"ancestorTitles":["GeminiChatPanel"],"fullName":"GeminiChatPanel renders open panel with header, messages, input","status":"passed","title":"renders open panel with header, messages, input","duration":21.133699999999862,"failureMessages":[],"meta":{}},{"ancestorTitles":["GeminiChatPanel"],"fullName":"GeminiChatPanel focuses input on open","status":"passed","title":"focuses input on open","duration":9.924199999999928,"failureMessages":[],"meta":{}},{"ancestorTitles":["GeminiChatPanel"],"fullName":"GeminiChatPanel handles sendMessage: loading, stream response","status":"passed","title":"handles sendMessage: loading, stream response","duration":391.07169999999996,"failureMessages":[],"meta":{}},{"ancestorTitles":["GeminiChatPanel"],"fullName":"GeminiChatPanel shows loading during send, disables input/button","status":"passed","title":"shows loading during send, disables input/button","duration":235.55739999999992,"failureMessages":[],"meta":{}},{"ancestorTitles":["GeminiChatPanel"],"fullName":"GeminiChatPanel handles fetch error: shows error message","status":"passed","title":"handles fetch error: shows error message","duration":140.73619999999983,"failureMessages":[],"meta":{}},{"ancestorTitles":["GeminiChatPanel"],"fullName":"GeminiChatPanel closes on overlay click","status":"passed","title":"closes on overlay click","duration":78.63409999999976,"failureMessages":[],"meta":{}},{"ancestorTitles":["GeminiChatPanel"],"fullName":"GeminiChatPanel prevents close on panel click","status":"passed","title":"prevents close on panel click","duration":62.13329999999996,"failureMessages":[],"meta":{}},{"ancestorTitles":["GeminiChatPanel"],"fullName":"GeminiChatPanel ignores empty input on submit","status":"failed","title":"ignores empty input on submit","duration":153.3391999999999,"failureMessages":["TestingLibraryElementError: Unable to find an accessible element with the role \"form\"\n\nHere are the accessible roles:\n\n  dialog:\n\n  Name \"Gemini Chat lịch sử Việt Nam\":\n  \u001b[36m<div\u001b[39m\n    \u001b[33maria-label\u001b[39m=\u001b[32m\"Gemini Chat lịch sử Việt Nam\"\u001b[39m\n    \u001b[33maria-modal\u001b[39m=\u001b[32m\"true\"\u001b[39m\n    \u001b[33mclass\u001b[39m=\u001b[32m\"gemini-chat-overlay\"\u001b[39m\n    \u001b[33mrole\u001b[39m=\u001b[32m\"dialog\"\u001b[39m\n  \u001b[36m/>\u001b[39m\n\n  --------------------------------------------------\n  heading:\n\n  Name \"Trợ lý lịch sử Gemini\":\n  \u001b[36m<h3 />\u001b[39m\n\n  --------------------------------------------------\n  button:\n\n  Name \"Đóng chat\":\n  \u001b[36m<button\u001b[39m\n    \u001b[33maria-label\u001b[39m=\u001b[32m\"Đóng chat\"\u001b[39m\n    \u001b[33mclass\u001b[39m=\u001b[32m\"chat-close-btn\"\u001b[39m\n  \u001b[36m/>\u001b[39m\n\n  Name \"Gửi\":\n  \u001b[36m<button\u001b[39m\n    \u001b[33mdisabled\u001b[39m=\u001b[32m\"\"\u001b[39m\n    \u001b[33mtype\u001b[39m=\u001b[32m\"submit\"\u001b[39m\n  \u001b[36m/>\u001b[39m\n\n  --------------------------------------------------\n  textbox:\n\n  Name \"Nhập câu hỏi\":\n  \u001b[36m<input\u001b[39m\n    \u001b[33maria-label\u001b[39m=\u001b[32m\"Nhập câu hỏi\"\u001b[39m\n    \u001b[33mplaceholder\u001b[39m=\u001b[32m\"Hỏi về lịch sử Việt Nam...\"\u001b[39m\n    \u001b[33mvalue\u001b[39m=\u001b[32m\"\"\u001b[39m\n  \u001b[36m/>\u001b[39m\n\n  --------------------------------------------------\n\nIgnored nodes: comments, script, style\n\u001b[36m<body>\u001b[39m\n  \u001b[36m<div>\u001b[39m\n    \u001b[36m<div\u001b[39m\n      \u001b[33maria-label\u001b[39m=\u001b[32m\"Gemini Chat lịch sử Việt Nam\"\u001b[39m\n      \u001b[33maria-modal\u001b[39m=\u001b[32m\"true\"\u001b[39m\n      \u001b[33mclass\u001b[39m=\u001b[32m\"gemini-chat-overlay\"\u001b[39m\n      \u001b[33mrole\u001b[39m=\u001b[32m\"dialog\"\u001b[39m\n    \u001b[36m>\u001b[39m\n      \u001b[36m<div\u001b[39m\n        \u001b[33mclass\u001b[39m=\u001b[32m\"gemini-chat-panel\"\u001b[39m\n      \u001b[36m>\u001b[39m\n        \u001b[36m<div\u001b[39m\n          \u001b[33mclass\u001b[39m=\u001b[32m\"gemini-chat-header\"\u001b[39m\n        \u001b[36m>\u001b[39m\n          \u001b[36m<h3>\u001b[39m\n            \u001b[0mTrợ lý lịch sử Gemini\u001b[0m\n          \u001b[36m</h3>\u001b[39m\n          \u001b[36m<button\u001b[39m\n            \u001b[33maria-label\u001b[39m=\u001b[32m\"Đóng chat\"\u001b[39m\n            \u001b[33mclass\u001b[39m=\u001b[32m\"chat-close-btn\"\u001b[39m\n          \u001b[36m>\u001b[39m\n            \u001b[0m×\u001b[0m\n          \u001b[36m</button>\u001b[39m\n        \u001b[36m</div>\u001b[39m\n        \u001b[36m<div\u001b[39m\n          \u001b[33mclass\u001b[39m=\u001b[32m\"gemini-chat-messages\"\u001b[39m\n        \u001b[36m/>\u001b[39m\n        \u001b[36m<form\u001b[39m\n          \u001b[33mclass\u001b[39m=\u001b[32m\"gemini-chat-input-form\"\u001b[39m\n        \u001b[36m>\u001b[39m\n          \u001b[36m<input\u001b[39m\n            \u001b[33maria-label\u001b[39m=\u001b[32m\"Nhập câu hỏi\"\u001b[39m\n            \u001b[33mplaceholder\u001b[39m=\u001b[32m\"Hỏi về lịch sử Việt Nam...\"\u001b[39m\n            \u001b[33mvalue\u001b[39m=\u001b[32m\"\"\u001b[39m\n          \u001b[36m/>\u001b[39m\n          \u001b[36m<button\u001b[39m\n            \u001b[33mdisabled\u001b[39m=\u001b[32m\"\"\u001b[39m\n            \u001b[33mtype\u001b[39m=\u001b[32m\"submit\"\u001b[39m\n          \u001b[36m>\u001b[39m\n            \u001b[0mGửi\u001b[0m\n          \u001b[36m</button>\u001b[39m\n        \u001b[36m</form>\u001b[39m\n      \u001b[36m</div>\u001b[39m\n    \u001b[36m</div>\u001b[39m\n  \u001b[36m</div>\u001b[39m\n\u001b[36m</body>\u001b[39m\n    at Object.getElementError (D:\\project\\tech_genius_project\\node_modules\\@testing-library\\dom\\dist\\config.js:37:19)\n    at D:\\project\\tech_genius_project\\node_modules\\@testing-library\\dom\\dist\\query-helpers.js:76:38\n    at D:\\project\\tech_genius_project\\node_modules\\@testing-library\\dom\\dist\\query-helpers.js:52:17\n    at D:\\project\\tech_genius_project\\node_modules\\@testing-library\\dom\\dist\\query-helpers.js:95:19\n    at D:/project/tech_genius_project/src/components/__tests__/gemini-chat-panel.test.jsx:121:25\n    at file:///D:/project/tech_genius_project/node_modules/@vitest/runner/dist/index.js:145:11\n    at file:///D:/project/tech_genius_project/node_modules/@vitest/runner/dist/index.js:919:26\n    at file:///D:/project/tech_genius_project/node_modules/@vitest/runner/dist/index.js:1244:20\n    at new Promise (<anonymous>)\n    at runWithTimeout (file:///D:/project/tech_genius_project/node_modules/@vitest/runner/dist/index.js:1210:10)"],"meta":{}}],"startTime":1764429952596,"endTime":1764429953713.339,"status":"failed","message":"","name":"D:/project/tech_genius_project/src/components/__tests__/gemini-chat-panel.test.jsx"}],"coverageMap":{"D:\\project\\tech_genius_project\\backend\\middleware\\request-logger.js":{"path":"D:\\project\\tech_genius_project\\backend\\middleware\\request-logger.js","statementMap":{"0":{"start":{"line":1,"column":29},"end":{"line":10,"column":1}},"1":{"start":{"line":2,"column":16},"end":{"line":2,"column":26}},"2":{"start":{"line":4,"column":2},"end":{"line":7,"column":5}},"3":{"start":{"line":5,"column":21},"end":{"line":5,"column":39}},"4":{"start":{"line":6,"column":4},"end":{"line":6,"column":111}},"5":{"start":{"line":9,"column":2},"end":{"line":9,"column":9}}},"fnMap":{"0":{"name":"(anonymous_0)","decl":{"start":{"line":1,"column":29},"end":{"line":1,"column":30}},"loc":{"start":{"line":1,"column":49},"end":{"line":10,"column":1}},"line":1},"1":{"name":"(anonymous_1)","decl":{"start":{"line":4,"column":19},"end":{"line":4,"column":20}},"loc":{"start":{"line":4,"column":25},"end":{"line":7,"column":3}},"line":4}},"branchMap":{},"s":{"0":1,"1":0,"2":0,"3":0,"4":0,"5":0},"f":{"0":0,"1":0},"b":{},"meta":{"lastBranch":0,"lastFunction":2,"lastStatement":6,"seen":{"s:1:29:10:1":0,"f:1:29:1:30":0,"s:2:16:2:26":1,"s:4:2:7:5":2,"f:4:19:4:20":1,"s:5:21:5:39":3,"s:6:4:6:111":4,"s:9:2:9:9":5}}},"D:\\project\\tech_genius_project\\backend\\middleware\\rate-limiter.js":{"path":"D:\\project\\tech_genius_project\\backend\\middleware\\rate-limiter.js","statementMap":{"0":{"start":{"line":4,"column":25},"end":{"line":18,"column":2}},"1":{"start":{"line":12,"column":4},"end":{"line":12,"column":34}},"2":{"start":{"line":16,"column":4},"end":{"line":16,"column":18}},"3":{"start":{"line":21,"column":31},"end":{"line":28,"column":2}},"4":{"start":{"line":27,"column":25},"end":{"line":27,"column":31}}},"fnMap":{"0":{"name":"(anonymous_0)","decl":{"start":{"line":10,"column":8},"end":{"line":10,"column":9}},"loc":{"start":{"line":10,"column":17},"end":{"line":13,"column":3}},"line":10},"1":{"name":"(anonymous_1)","decl":{"start":{"line":14,"column":16},"end":{"line":14,"column":17}},"loc":{"start":{"line":14,"column":25},"end":{"line":17,"column":3}},"line":14},"2":{"name":"(anonymous_2)","decl":{"start":{"line":27,"column":16},"end":{"line":27,"column":17}},"loc":{"start":{"line":27,"column":25},"end":{"line":27,"column":31}},"line":27}},"branchMap":{},"s":{"0":1,"1":0,"2":0,"3":1,"4":0},"f":{"0":0,"1":0,"2":0},"b":{},"meta":{"lastBranch":0,"lastFunction":3,"lastStatement":5,"seen":{"s:4:25:18:2":0,"f:10:8:10:9":0,"s:12:4:12:34":1,"f:14:16:14:17":1,"s:16:4:16:18":2,"s:21:31:28:2":3,"f:27:16:27:17":2,"s:27:25:27:31":4}}},"D:\\project\\tech_genius_project\\backend\\middleware\\error-handler.js":{"path":"D:\\project\\tech_genius_project\\backend\\middleware\\error-handler.js","statementMap":{"0":{"start":{"line":1,"column":28},"end":{"line":34,"column":1}},"1":{"start":{"line":2,"column":2},"end":{"line":2,"column":39}},"2":{"start":{"line":5,"column":2},"end":{"line":11,"column":3}},"3":{"start":{"line":6,"column":23},"end":{"line":6,"column":44}},"4":{"start":{"line":7,"column":4},"end":{"line":10,"column":7}},"5":{"start":{"line":14,"column":2},"end":{"line":19,"column":3}},"6":{"start":{"line":15,"column":4},"end":{"line":18,"column":7}},"7":{"start":{"line":22,"column":2},"end":{"line":27,"column":3}},"8":{"start":{"line":23,"column":4},"end":{"line":26,"column":7}},"9":{"start":{"line":30,"column":2},"end":{"line":33,"column":5}}},"fnMap":{"0":{"name":"(anonymous_0)","decl":{"start":{"line":1,"column":28},"end":{"line":1,"column":29}},"loc":{"start":{"line":1,"column":53},"end":{"line":34,"column":1}},"line":1}},"branchMap":{"0":{"loc":{"start":{"line":5,"column":2},"end":{"line":11,"column":3}},"type":"if","locations":[{"start":{"line":5,"column":2},"end":{"line":11,"column":3}},{"start":{},"end":{}}],"line":5},"1":{"loc":{"start":{"line":6,"column":23},"end":{"line":6,"column":44}},"type":"binary-expr","locations":[{"start":{"line":6,"column":23},"end":{"line":6,"column":37}},{"start":{"line":6,"column":41},"end":{"line":6,"column":44}}],"line":6},"2":{"loc":{"start":{"line":8,"column":13},"end":{"line":8,"column":42}},"type":"binary-expr","locations":[{"start":{"line":8,"column":13},"end":{"line":8,"column":21}},{"start":{"line":8,"column":25},"end":{"line":8,"column":42}}],"line":8},"3":{"loc":{"start":{"line":9,"column":15},"end":{"line":9,"column":66}},"type":"binary-expr","locations":[{"start":{"line":9,"column":15},"end":{"line":9,"column":26}},{"start":{"line":9,"column":30},"end":{"line":9,"column":66}}],"line":9},"4":{"loc":{"start":{"line":14,"column":2},"end":{"line":19,"column":3}},"type":"if","locations":[{"start":{"line":14,"column":2},"end":{"line":19,"column":3}},{"start":{},"end":{}}],"line":14},"5":{"loc":{"start":{"line":14,"column":6},"end":{"line":14,"column":79}},"type":"binary-expr","locations":[{"start":{"line":14,"column":6},"end":{"line":14,"column":42}},{"start":{"line":14,"column":46},"end":{"line":14,"column":79}}],"line":14},"6":{"loc":{"start":{"line":22,"column":2},"end":{"line":27,"column":3}},"type":"if","locations":[{"start":{"line":22,"column":2},"end":{"line":27,"column":3}},{"start":{},"end":{}}],"line":22}},"s":{"0":1,"1":0,"2":0,"3":0,"4":0,"5":0,"6":0,"7":0,"8":0,"9":0},"f":{"0":0},"b":{"0":[0,0],"1":[0,0],"2":[0,0],"3":[0,0],"4":[0,0],"5":[0,0],"6":[0,0]},"meta":{"lastBranch":7,"lastFunction":1,"lastStatement":10,"seen":{"s:1:28:34:1":0,"f:1:28:1:29":0,"s:2:2:2:39":1,"b:5:2:11:3:undefined:undefined:undefined:undefined":0,"s:5:2:11:3":2,"s:6:23:6:44":3,"b:6:23:6:37:6:41:6:44":1,"s:7:4:10:7":4,"b:8:13:8:21:8:25:8:42":2,"b:9:15:9:26:9:30:9:66":3,"b:14:2:19:3:undefined:undefined:undefined:undefined":4,"s:14:2:19:3":5,"b:14:6:14:42:14:46:14:79":5,"s:15:4:18:7":6,"b:22:2:27:3:undefined:undefined:undefined:undefined":6,"s:22:2:27:3":7,"s:23:4:26:7":8,"s:30:2:33:5":9}}},"D:\\project\\tech_genius_project\\backend\\routes\\history-search-routes.js":{"path":"D:\\project\\tech_genius_project\\backend\\routes\\history-search-routes.js","statementMap":{"0":{"start":{"line":4,"column":15},"end":{"line":4,"column":31}},"1":{"start":{"line":6,"column":0},"end":{"line":23,"column":3}},"2":{"start":{"line":7,"column":2},"end":{"line":22,"column":3}},"3":{"start":{"line":8,"column":25},"end":{"line":8,"column":34}},"4":{"start":{"line":9,"column":43},"end":{"line":9,"column":52}},"5":{"start":{"line":11,"column":4},"end":{"line":16,"column":5}},"6":{"start":{"line":12,"column":6},"end":{"line":15,"column":9}},"7":{"start":{"line":18,"column":20},"end":{"line":18,"column":83}},"8":{"start":{"line":19,"column":4},"end":{"line":19,"column":22}},"9":{"start":{"line":21,"column":4},"end":{"line":21,"column":16}}},"fnMap":{"0":{"name":"(anonymous_0)","decl":{"start":{"line":6,"column":22},"end":{"line":6,"column":27}},"loc":{"start":{"line":6,"column":48},"end":{"line":23,"column":1}},"line":6}},"branchMap":{"0":{"loc":{"start":{"line":9,"column":12},"end":{"line":9,"column":21}},"type":"default-arg","locations":[{"start":{"line":9,"column":20},"end":{"line":9,"column":21}}],"line":9},"1":{"loc":{"start":{"line":9,"column":23},"end":{"line":9,"column":38}},"type":"default-arg","locations":[{"start":{"line":9,"column":34},"end":{"line":9,"column":38}}],"line":9},"2":{"loc":{"start":{"line":11,"column":4},"end":{"line":16,"column":5}},"type":"if","locations":[{"start":{"line":11,"column":4},"end":{"line":16,"column":5}},{"start":{},"end":{}}],"line":11},"3":{"loc":{"start":{"line":11,"column":8},"end":{"line":11,"column":43}},"type":"binary-expr","locations":[{"start":{"line":11,"column":8},"end":{"line":11,"column":14}},{"start":{"line":11,"column":18},"end":{"line":11,"column":43}}],"line":11}},"s":{"0":1,"1":1,"2":0,"3":0,"4":0,"5":0,"6":0,"7":0,"8":0,"9":0},"f":{"0":0},"b":{"0":[0],"1":[0],"2":[0,0],"3":[0,0]},"meta":{"lastBranch":4,"lastFunction":1,"lastStatement":10,"seen":{"s:4:15:4:31":0,"s:6:0:23:3":1,"f:6:22:6:27":0,"s:7:2:22:3":2,"s:8:25:8:34":3,"s:9:43:9:52":4,"b:9:20:9:21":0,"b:9:34:9:38":1,"b:11:4:16:5:undefined:undefined:undefined:undefined":2,"s:11:4:16:5":5,"b:11:8:11:14:11:18:11:43":3,"s:12:6:15:9":6,"s:18:20:18:83":7,"s:19:4:19:22":8,"s:21:4:21:16":9}}},"D:\\project\\tech_genius_project\\backend\\routes\\gemini-routes.js":{"path":"D:\\project\\tech_genius_project\\backend\\routes\\gemini-routes.js","statementMap":{"0":{"start":{"line":6,"column":0},"end":{"line":6,"column":null}},"1":{"start":{"line":8,"column":15},"end":{"line":8,"column":null}},"2":{"start":{"line":9,"column":14},"end":{"line":9,"column":null}},"3":{"start":{"line":11,"column":0},"end":{"line":60,"column":null}},"4":{"start":{"line":12,"column":2},"end":{"line":59,"column":null}},"5":{"start":{"line":13,"column":4},"end":{"line":15,"column":null}},"6":{"start":{"line":14,"column":6},"end":{"line":14,"column":null}},"7":{"start":{"line":17,"column":25},"end":{"line":17,"column":null}},"8":{"start":{"line":18,"column":4},"end":{"line":20,"column":null}},"9":{"start":{"line":19,"column":6},"end":{"line":19,"column":null}},"10":{"start":{"line":21,"column":18},"end":{"line":21,"column":null}},"11":{"start":{"line":22,"column":23},"end":{"line":22,"column":null}},"12":{"start":{"line":24,"column":18},"end":{"line":24,"column":null}},"13":{"start":{"line":27,"column":25},"end":{"line":27,"column":null}},"14":{"start":{"line":29,"column":21},"end":{"line":32,"column":null}},"15":{"start":{"line":29,"column":42},"end":{"line":32,"column":6}},"16":{"start":{"line":32,"column":20},"end":{"line":32,"column":42}},"17":{"start":{"line":34,"column":19},"end":{"line":43,"column":null}},"18":{"start":{"line":45,"column":4},"end":{"line":45,"column":null}},"19":{"start":{"line":46,"column":4},"end":{"line":46,"column":null}},"20":{"start":{"line":47,"column":4},"end":{"line":47,"column":null}},"21":{"start":{"line":48,"column":4},"end":{"line":48,"column":null}},"22":{"start":{"line":50,"column":4},"end":{"line":53,"column":null}},"23":{"start":{"line":51,"column":24},"end":{"line":51,"column":null}},"24":{"start":{"line":52,"column":6},"end":{"line":52,"column":null}},"25":{"start":{"line":55,"column":4},"end":{"line":55,"column":null}},"26":{"start":{"line":57,"column":4},"end":{"line":57,"column":null}},"27":{"start":{"line":58,"column":4},"end":{"line":58,"column":null}}},"fnMap":{"0":{"name":"(anonymous_0)","decl":{"start":{"line":11,"column":21},"end":{"line":11,"column":28}},"loc":{"start":{"line":11,"column":41},"end":{"line":60,"column":1}},"line":11},"1":{"name":"(anonymous_1)","decl":{"start":{"line":29,"column":34},"end":{"line":29,"column":42}},"loc":{"start":{"line":29,"column":42},"end":{"line":32,"column":6}},"line":29},"2":{"name":"(anonymous_2)","decl":{"start":{"line":32,"column":15},"end":{"line":32,"column":20}},"loc":{"start":{"line":32,"column":20},"end":{"line":32,"column":42}},"line":32}},"branchMap":{"0":{"loc":{"start":{"line":13,"column":4},"end":{"line":15,"column":null}},"type":"if","locations":[{"start":{"line":13,"column":4},"end":{"line":15,"column":null}},{"start":{},"end":{}}],"line":13},"1":{"loc":{"start":{"line":18,"column":4},"end":{"line":20,"column":null}},"type":"if","locations":[{"start":{"line":18,"column":4},"end":{"line":20,"column":null}},{"start":{},"end":{}}],"line":18},"2":{"loc":{"start":{"line":18,"column":8},"end":{"line":18,"column":72}},"type":"binary-expr","locations":[{"start":{"line":18,"column":8},"end":{"line":18,"column":21}},{"start":{"line":18,"column":21},"end":{"line":18,"column":49}},{"start":{"line":18,"column":49},"end":{"line":18,"column":72}}],"line":18},"3":{"loc":{"start":{"line":21,"column":18},"end":{"line":21,"column":null}},"type":"binary-expr","locations":[{"start":{"line":21,"column":18},"end":{"line":21,"column":69}},{"start":{"line":21,"column":69},"end":{"line":21,"column":111}},{"start":{"line":21,"column":111},"end":{"line":21,"column":null}}],"line":21},"4":{"loc":{"start":{"line":31,"column":22},"end":{"line":31,"column":106}},"type":"binary-expr","locations":[{"start":{"line":31,"column":22},"end":{"line":31,"column":38}},{"start":{"line":31,"column":38},"end":{"line":31,"column":106}}],"line":31},"5":{"loc":{"start":{"line":31,"column":38},"end":{"line":31,"column":106}},"type":"cond-expr","locations":[{"start":{"line":31,"column":66},"end":{"line":31,"column":102}},{"start":{"line":31,"column":102},"end":{"line":31,"column":106}}],"line":31},"6":{"loc":{"start":{"line":31,"column":38},"end":{"line":31,"column":66}},"type":"binary-expr","locations":[{"start":{"line":31,"column":38},"end":{"line":31,"column":51}},{"start":{"line":31,"column":51},"end":{"line":31,"column":66}}],"line":31},"7":{"loc":{"start":{"line":31,"column":66},"end":{"line":31,"column":102}},"type":"binary-expr","locations":[{"start":{"line":31,"column":66},"end":{"line":31,"column":87}},{"start":{"line":31,"column":87},"end":{"line":31,"column":102}}],"line":31},"8":{"loc":{"start":{"line":58,"column":68},"end":{"line":58,"column":152}},"type":"cond-expr","locations":[{"start":{"line":58,"column":109},"end":{"line":58,"column":125}},{"start":{"line":58,"column":125},"end":{"line":58,"column":152}}],"line":58}},"s":{"0":0,"1":0,"2":0,"3":0,"4":0,"5":0,"6":0,"7":0,"8":0,"9":0,"10":0,"11":0,"12":0,"13":0,"14":0,"15":0,"16":0,"17":0,"18":0,"19":0,"20":0,"21":0,"22":0,"23":0,"24":0,"25":0,"26":0,"27":0},"f":{"0":0,"1":0,"2":0},"b":{"0":[0,0],"1":[0,0],"2":[0,0,0],"3":[0,0,0],"4":[0,0],"5":[0,0],"6":[0,0],"7":[0,0],"8":[0,0]},"meta":{"lastBranch":9,"lastFunction":3,"lastStatement":28,"seen":{"s:6:0:6:Infinity":0,"s:8:15:8:Infinity":1,"s:9:14:9:Infinity":2,"s:11:0:60:Infinity":3,"f:11:21:11:28":0,"s:12:2:59:Infinity":4,"b:13:4:15:Infinity:undefined:undefined:undefined:undefined":0,"s:13:4:15:Infinity":5,"s:14:6:14:Infinity":6,"s:17:25:17:Infinity":7,"b:18:4:20:Infinity:undefined:undefined:undefined:undefined":1,"s:18:4:20:Infinity":8,"b:18:8:18:21:18:21:18:49:18:49:18:72":2,"s:19:6:19:Infinity":9,"s:21:18:21:Infinity":10,"b:21:18:21:69:21:69:21:111:21:111:21:Infinity":3,"s:22:23:22:Infinity":11,"s:24:18:24:Infinity":12,"s:27:25:27:Infinity":13,"s:29:21:32:Infinity":14,"f:29:34:29:42":1,"s:29:42:32:6":15,"b:31:22:31:38:31:38:31:106":4,"b:31:66:31:102:31:102:31:106":5,"b:31:38:31:51:31:51:31:66":6,"b:31:66:31:87:31:87:31:102":7,"f:32:15:32:20":2,"s:32:20:32:42":16,"s:34:19:43:Infinity":17,"s:45:4:45:Infinity":18,"s:46:4:46:Infinity":19,"s:47:4:47:Infinity":20,"s:48:4:48:Infinity":21,"s:50:4:53:Infinity":22,"s:51:24:51:Infinity":23,"s:52:6:52:Infinity":24,"s:55:4:55:Infinity":25,"s:57:4:57:Infinity":26,"s:58:4:58:Infinity":27,"b:58:109:58:125:58:125:58:152":8}}},"D:\\project\\tech_genius_project\\backend\\routes\\wikipedia-routes.js":{"path":"D:\\project\\tech_genius_project\\backend\\routes\\wikipedia-routes.js","statementMap":{"0":{"start":{"line":4,"column":15},"end":{"line":4,"column":31}},"1":{"start":{"line":7,"column":0},"end":{"line":24,"column":3}},"2":{"start":{"line":8,"column":2},"end":{"line":23,"column":3}},"3":{"start":{"line":9,"column":22},"end":{"line":9,"column":32}},"4":{"start":{"line":10,"column":44},"end":{"line":10,"column":53}},"5":{"start":{"line":12,"column":4},"end":{"line":17,"column":5}},"6":{"start":{"line":13,"column":6},"end":{"line":16,"column":9}},"7":{"start":{"line":19,"column":20},"end":{"line":19,"column":83}},"8":{"start":{"line":20,"column":4},"end":{"line":20,"column":22}},"9":{"start":{"line":22,"column":4},"end":{"line":22,"column":16}},"10":{"start":{"line":27,"column":0},"end":{"line":44,"column":3}},"11":{"start":{"line":28,"column":2},"end":{"line":43,"column":3}},"12":{"start":{"line":29,"column":22},"end":{"line":29,"column":32}},"13":{"start":{"line":30,"column":32},"end":{"line":30,"column":41}},"14":{"start":{"line":32,"column":4},"end":{"line":37,"column":5}},"15":{"start":{"line":33,"column":6},"end":{"line":36,"column":9}},"16":{"start":{"line":39,"column":20},"end":{"line":39,"column":70}},"17":{"start":{"line":40,"column":4},"end":{"line":40,"column":22}},"18":{"start":{"line":42,"column":4},"end":{"line":42,"column":16}}},"fnMap":{"0":{"name":"(anonymous_0)","decl":{"start":{"line":7,"column":29},"end":{"line":7,"column":34}},"loc":{"start":{"line":7,"column":55},"end":{"line":24,"column":1}},"line":7},"1":{"name":"(anonymous_1)","decl":{"start":{"line":27,"column":22},"end":{"line":27,"column":27}},"loc":{"start":{"line":27,"column":48},"end":{"line":44,"column":1}},"line":27}},"branchMap":{"0":{"loc":{"start":{"line":10,"column":12},"end":{"line":10,"column":22}},"type":"default-arg","locations":[{"start":{"line":10,"column":20},"end":{"line":10,"column":22}}],"line":10},"1":{"loc":{"start":{"line":10,"column":24},"end":{"line":10,"column":39}},"type":"default-arg","locations":[{"start":{"line":10,"column":35},"end":{"line":10,"column":39}}],"line":10},"2":{"loc":{"start":{"line":12,"column":4},"end":{"line":17,"column":5}},"type":"if","locations":[{"start":{"line":12,"column":4},"end":{"line":17,"column":5}},{"start":{},"end":{}}],"line":12},"3":{"loc":{"start":{"line":12,"column":8},"end":{"line":12,"column":43}},"type":"binary-expr","locations":[{"start":{"line":12,"column":8},"end":{"line":12,"column":14}},{"start":{"line":12,"column":18},"end":{"line":12,"column":43}}],"line":12},"4":{"loc":{"start":{"line":30,"column":12},"end":{"line":30,"column":27}},"type":"default-arg","locations":[{"start":{"line":30,"column":23},"end":{"line":30,"column":27}}],"line":30},"5":{"loc":{"start":{"line":32,"column":4},"end":{"line":37,"column":5}},"type":"if","locations":[{"start":{"line":32,"column":4},"end":{"line":37,"column":5}},{"start":{},"end":{}}],"line":32},"6":{"loc":{"start":{"line":32,"column":8},"end":{"line":32,"column":43}},"type":"binary-expr","locations":[{"start":{"line":32,"column":8},"end":{"line":32,"column":14}},{"start":{"line":32,"column":18},"end":{"line":32,"column":43}}],"line":32}},"s":{"0":1,"1":1,"2":0,"3":0,"4":0,"5":0,"6":0,"7":0,"8":0,"9":0,"10":1,"11":0,"12":0,"13":0,"14":0,"15":0,"16":0,"17":0,"18":0},"f":{"0":0,"1":0},"b":{"0":[0],"1":[0],"2":[0,0],"3":[0,0],"4":[0],"5":[0,0],"6":[0,0]},"meta":{"lastBranch":7,"lastFunction":2,"lastStatement":19,"seen":{"s:4:15:4:31":0,"s:7:0:24:3":1,"f:7:29:7:34":0,"s:8:2:23:3":2,"s:9:22:9:32":3,"s:10:44:10:53":4,"b:10:20:10:22":0,"b:10:35:10:39":1,"b:12:4:17:5:undefined:undefined:undefined:undefined":2,"s:12:4:17:5":5,"b:12:8:12:14:12:18:12:43":3,"s:13:6:16:9":6,"s:19:20:19:83":7,"s:20:4:20:22":8,"s:22:4:22:16":9,"s:27:0:44:3":10,"f:27:22:27:27":1,"s:28:2:43:3":11,"s:29:22:29:32":12,"s:30:32:30:41":13,"b:30:23:30:27":4,"b:32:4:37:5:undefined:undefined:undefined:undefined":5,"s:32:4:37:5":14,"b:32:8:32:14:32:18:32:43":6,"s:33:6:36:9":15,"s:39:20:39:70":16,"s:40:4:40:22":17,"s:42:4:42:16":18}}},"D:\\project\\tech_genius_project\\backend\\server.js":{"path":"D:\\project\\tech_genius_project\\backend\\server.js","statementMap":{"0":{"start":{"line":12,"column":0},"end":{"line":12,"column":16}},"1":{"start":{"line":14,"column":11},"end":{"line":14,"column":21}},"2":{"start":{"line":15,"column":13},"end":{"line":15,"column":37}},"3":{"start":{"line":18,"column":0},"end":{"line":18,"column":23}},"4":{"start":{"line":19,"column":0},"end":{"line":19,"column":20}},"5":{"start":{"line":20,"column":0},"end":{"line":25,"column":4}},"6":{"start":{"line":26,"column":0},"end":{"line":26,"column":24}},"7":{"start":{"line":29,"column":0},"end":{"line":31,"column":3}},"8":{"start":{"line":30,"column":2},"end":{"line":30,"column":66}},"9":{"start":{"line":34,"column":0},"end":{"line":34,"column":61}},"10":{"start":{"line":37,"column":0},"end":{"line":37,"column":63}},"11":{"start":{"line":39,"column":0},"end":{"line":39,"column":49}},"12":{"start":{"line":42,"column":0},"end":{"line":45,"column":3}},"13":{"start":{"line":43,"column":16},"end":{"line":43,"column":48}},"14":{"start":{"line":44,"column":2},"end":{"line":44,"column":18}},"15":{"start":{"line":48,"column":0},"end":{"line":51,"column":3}},"16":{"start":{"line":49,"column":2},"end":{"line":49,"column":32}},"17":{"start":{"line":50,"column":2},"end":{"line":50,"column":45}},"18":{"start":{"line":54,"column":0},"end":{"line":59,"column":3}},"19":{"start":{"line":55,"column":2},"end":{"line":58,"column":5}},"20":{"start":{"line":62,"column":0},"end":{"line":62,"column":22}},"21":{"start":{"line":65,"column":0},"end":{"line":68,"column":3}},"22":{"start":{"line":66,"column":2},"end":{"line":66,"column":68}},"23":{"start":{"line":67,"column":2},"end":{"line":67,"column":84}}},"fnMap":{"0":{"name":"(anonymous_0)","decl":{"start":{"line":29,"column":19},"end":{"line":29,"column":20}},"loc":{"start":{"line":29,"column":33},"end":{"line":31,"column":1}},"line":29},"1":{"name":"(anonymous_1)","decl":{"start":{"line":42,"column":28},"end":{"line":42,"column":29}},"loc":{"start":{"line":42,"column":42},"end":{"line":45,"column":1}},"line":42},"2":{"name":"(anonymous_2)","decl":{"start":{"line":48,"column":29},"end":{"line":48,"column":30}},"loc":{"start":{"line":48,"column":43},"end":{"line":51,"column":1}},"line":48},"3":{"name":"(anonymous_3)","decl":{"start":{"line":54,"column":8},"end":{"line":54,"column":9}},"loc":{"start":{"line":54,"column":22},"end":{"line":59,"column":1}},"line":54},"4":{"name":"(anonymous_4)","decl":{"start":{"line":65,"column":17},"end":{"line":65,"column":18}},"loc":{"start":{"line":65,"column":23},"end":{"line":68,"column":1}},"line":65}},"branchMap":{"0":{"loc":{"start":{"line":15,"column":13},"end":{"line":15,"column":37}},"type":"binary-expr","locations":[{"start":{"line":15,"column":13},"end":{"line":15,"column":29}},{"start":{"line":15,"column":33},"end":{"line":15,"column":37}}],"line":15},"1":{"loc":{"start":{"line":21,"column":10},"end":{"line":21,"column":87}},"type":"binary-expr","locations":[{"start":{"line":21,"column":10},"end":{"line":21,"column":33}},{"start":{"line":21,"column":37},"end":{"line":21,"column":87}}],"line":21},"2":{"loc":{"start":{"line":67,"column":30},"end":{"line":67,"column":80}},"type":"binary-expr","locations":[{"start":{"line":67,"column":30},"end":{"line":67,"column":53}},{"start":{"line":67,"column":57},"end":{"line":67,"column":80}}],"line":67}},"s":{"0":0,"1":0,"2":0,"3":1,"4":1,"5":1,"6":1,"7":1,"8":0,"9":1,"10":1,"11":1,"12":1,"13":0,"14":0,"15":1,"16":0,"17":0,"18":1,"19":0,"20":1,"21":1,"22":0,"23":0},"f":{"0":0,"1":0,"2":0,"3":0,"4":0},"b":{"0":[0,0],"1":[1,0],"2":[0,0]},"meta":{"lastBranch":3,"lastFunction":5,"lastStatement":24,"seen":{"s:12:0:12:16":0,"s:14:11:14:21":1,"s:15:13:15:37":2,"b:15:13:15:29:15:33:15:37":0,"s:18:0:18:23":3,"s:19:0:19:20":4,"s:20:0:25:4":5,"b:21:10:21:33:21:37:21:87":1,"s:26:0:26:24":6,"s:29:0:31:3":7,"f:29:19:29:20":0,"s:30:2:30:66":8,"s:34:0:34:61":9,"s:37:0:37:63":10,"s:39:0:39:49":11,"s:42:0:45:3":12,"f:42:28:42:29":1,"s:43:16:43:48":13,"s:44:2:44:18":14,"s:48:0:51:3":15,"f:48:29:48:30":2,"s:49:2:49:32":16,"s:50:2:50:45":17,"s:54:0:59:3":18,"f:54:8:54:9":3,"s:55:2:58:5":19,"s:62:0:62:22":20,"s:65:0:68:3":21,"f:65:17:65:18":4,"s:66:2:66:68":22,"s:67:2:67:84":23,"b:67:30:67:53:67:57:67:80":2}}},"D:\\project\\tech_genius_project\\backend\\services\\rag-service.js":{"path":"D:\\project\\tech_genius_project\\backend\\services\\rag-service.js","statementMap":{"0":{"start":{"line":10,"column":17},"end":{"line":10,"column":58}},"1":{"start":{"line":12,"column":15},"end":{"line":29,"column":1}},"2":{"start":{"line":32,"column":21},"end":{"line":32,"column":40}},"3":{"start":{"line":33,"column":19},"end":{"line":33,"column":38}},"4":{"start":{"line":34,"column":2},"end":{"line":36,"column":3}},"5":{"start":{"line":35,"column":4},"end":{"line":35,"column":34}},"6":{"start":{"line":38,"column":2},"end":{"line":79,"column":3}},"7":{"start":{"line":40,"column":23},"end":{"line":40,"column":42}},"8":{"start":{"line":41,"column":27},"end":{"line":52,"column":18}},"9":{"start":{"line":43,"column":8},"end":{"line":46,"column":55}},"10":{"start":{"line":50,"column":8},"end":{"line":50,"column":110}},"11":{"start":{"line":54,"column":22},"end":{"line":54,"column":24}},"12":{"start":{"line":55,"column":4},"end":{"line":71,"column":5}},"13":{"start":{"line":57,"column":28},"end":{"line":57,"column":67}},"14":{"start":{"line":58,"column":24},"end":{"line":62,"column":7}},"15":{"start":{"line":60,"column":10},"end":{"line":60,"column":67}},"16":{"start":{"line":60,"column":62},"end":{"line":60,"column":66}},"17":{"start":{"line":63,"column":6},"end":{"line":68,"column":21}},"18":{"start":{"line":64,"column":21},"end":{"line":64,"column":22}},"19":{"start":{"line":66,"column":10},"end":{"line":66,"column":98}},"20":{"start":{"line":70,"column":6},"end":{"line":70,"column":58}},"21":{"start":{"line":73,"column":20},"end":{"line":73,"column":227}},"22":{"start":{"line":74,"column":4},"end":{"line":74,"column":36}},"23":{"start":{"line":75,"column":4},"end":{"line":75,"column":19}},"24":{"start":{"line":77,"column":4},"end":{"line":77,"column":47}},"25":{"start":{"line":78,"column":4},"end":{"line":78,"column":60}}},"fnMap":{"0":{"name":"getRAGContext","decl":{"start":{"line":31,"column":15},"end":{"line":31,"column":28}},"loc":{"start":{"line":31,"column":36},"end":{"line":80,"column":1}},"line":31},"1":{"name":"(anonymous_1)","decl":{"start":{"line":42,"column":14},"end":{"line":42,"column":19}},"loc":{"start":{"line":43,"column":8},"end":{"line":46,"column":55}},"line":43},"2":{"name":"(anonymous_2)","decl":{"start":{"line":49,"column":11},"end":{"line":49,"column":16}},"loc":{"start":{"line":50,"column":8},"end":{"line":50,"column":110}},"line":50},"3":{"name":"(anonymous_3)","decl":{"start":{"line":59,"column":44},"end":{"line":59,"column":48}},"loc":{"start":{"line":60,"column":10},"end":{"line":60,"column":67}},"line":60},"4":{"name":"(anonymous_4)","decl":{"start":{"line":60,"column":56},"end":{"line":60,"column":57}},"loc":{"start":{"line":60,"column":62},"end":{"line":60,"column":66}},"line":60},"5":{"name":"(anonymous_5)","decl":{"start":{"line":64,"column":16},"end":{"line":64,"column":17}},"loc":{"start":{"line":64,"column":21},"end":{"line":64,"column":22}},"line":64},"6":{"name":"(anonymous_6)","decl":{"start":{"line":65,"column":13},"end":{"line":65,"column":20}},"loc":{"start":{"line":66,"column":10},"end":{"line":66,"column":98}},"line":66}},"branchMap":{"0":{"loc":{"start":{"line":34,"column":2},"end":{"line":36,"column":3}},"type":"if","locations":[{"start":{"line":34,"column":2},"end":{"line":36,"column":3}},{"start":{},"end":{}}],"line":34},"1":{"loc":{"start":{"line":43,"column":8},"end":{"line":46,"column":55}},"type":"binary-expr","locations":[{"start":{"line":43,"column":8},"end":{"line":43,"column":54}},{"start":{"line":44,"column":8},"end":{"line":44,"column":60}},{"start":{"line":45,"column":8},"end":{"line":45,"column":56}},{"start":{"line":46,"column":8},"end":{"line":46,"column":55}}],"line":43},"2":{"loc":{"start":{"line":50,"column":44},"end":{"line":50,"column":68}},"type":"binary-expr","locations":[{"start":{"line":50,"column":44},"end":{"line":50,"column":57}},{"start":{"line":50,"column":61},"end":{"line":50,"column":68}}],"line":50},"3":{"loc":{"start":{"line":66,"column":33},"end":{"line":66,"column":96}},"type":"binary-expr","locations":[{"start":{"line":66,"column":33},"end":{"line":66,"column":52}},{"start":{"line":66,"column":56},"end":{"line":66,"column":90}},{"start":{"line":66,"column":94},"end":{"line":66,"column":96}}],"line":66},"4":{"loc":{"start":{"line":73,"column":72},"end":{"line":73,"column":123}},"type":"binary-expr","locations":[{"start":{"line":73,"column":72},"end":{"line":73,"column":86}},{"start":{"line":73,"column":90},"end":{"line":73,"column":123}}],"line":73},"5":{"loc":{"start":{"line":73,"column":165},"end":{"line":73,"column":225}},"type":"binary-expr","locations":[{"start":{"line":73,"column":165},"end":{"line":73,"column":176}},{"start":{"line":73,"column":180},"end":{"line":73,"column":225}}],"line":73}},"s":{"0":1,"1":1,"2":0,"3":0,"4":0,"5":0,"6":0,"7":0,"8":0,"9":0,"10":0,"11":0,"12":0,"13":0,"14":0,"15":0,"16":0,"17":0,"18":0,"19":0,"20":0,"21":0,"22":0,"23":0,"24":0,"25":0},"f":{"0":0,"1":0,"2":0,"3":0,"4":0,"5":0,"6":0},"b":{"0":[0,0],"1":[0,0,0,0],"2":[0,0],"3":[0,0,0],"4":[0,0],"5":[0,0]},"meta":{"lastBranch":6,"lastFunction":7,"lastStatement":26,"seen":{"s:10:17:10:58":0,"s:12:15:29:1":1,"f:31:15:31:28":0,"s:32:21:32:40":2,"s:33:19:33:38":3,"b:34:2:36:3:undefined:undefined:undefined:undefined":0,"s:34:2:36:3":4,"s:35:4:35:34":5,"s:38:2:79:3":6,"s:40:23:40:42":7,"s:41:27:52:18":8,"f:42:14:42:19":1,"s:43:8:46:55":9,"b:43:8:43:54:44:8:44:60:45:8:45:56:46:8:46:55":1,"f:49:11:49:16":2,"s:50:8:50:110":10,"b:50:44:50:57:50:61:50:68":2,"s:54:22:54:24":11,"s:55:4:71:5":12,"s:57:28:57:67":13,"s:58:24:62:7":14,"f:59:44:59:48":3,"s:60:10:60:67":15,"f:60:56:60:57":4,"s:60:62:60:66":16,"s:63:6:68:21":17,"f:64:16:64:17":5,"s:64:21:64:22":18,"f:65:13:65:20":6,"s:66:10:66:98":19,"b:66:33:66:52:66:56:66:90:66:94:66:96":3,"s:70:6:70:58":20,"s:73:20:73:227":21,"b:73:72:73:86:73:90:73:123":4,"b:73:165:73:176:73:180:73:225":5,"s:74:4:74:36":22,"s:75:4:75:19":23,"s:77:4:77:47":24,"s:78:4:78:60":25}}},"D:\\project\\tech_genius_project\\src\\components\\gemini-chat-panel.jsx":{"path":"D:\\project\\tech_genius_project\\src\\components\\gemini-chat-panel.jsx","statementMap":{"0":{"start":{"line":8,"column":24},"end":{"line":102,"column":null}},"1":{"start":{"line":9,"column":30},"end":{"line":9,"column":null}},"2":{"start":{"line":10,"column":24},"end":{"line":10,"column":null}},"3":{"start":{"line":11,"column":28},"end":{"line":11,"column":null}},"4":{"start":{"line":12,"column":8},"end":{"line":12,"column":null}},"5":{"start":{"line":13,"column":8},"end":{"line":13,"column":null}},"6":{"start":{"line":15,"column":2},"end":{"line":19,"column":null}},"7":{"start":{"line":16,"column":4},"end":{"line":18,"column":null}},"8":{"start":{"line":17,"column":6},"end":{"line":17,"column":null}},"9":{"start":{"line":21,"column":22},"end":{"line":59,"column":null}},"10":{"start":{"line":22,"column":4},"end":{"line":22,"column":null}},"11":{"start":{"line":23,"column":4},"end":{"line":23,"column":null}},"12":{"start":{"line":23,"column":34},"end":{"line":23,"column":null}},"13":{"start":{"line":25,"column":20},"end":{"line":25,"column":null}},"14":{"start":{"line":26,"column":4},"end":{"line":26,"column":null}},"15":{"start":{"line":26,"column":24},"end":{"line":26,"column":42}},"16":{"start":{"line":27,"column":4},"end":{"line":27,"column":null}},"17":{"start":{"line":28,"column":4},"end":{"line":28,"column":null}},"18":{"start":{"line":30,"column":4},"end":{"line":58,"column":null}},"19":{"start":{"line":31,"column":18},"end":{"line":35,"column":null}},"20":{"start":{"line":37,"column":6},"end":{"line":37,"column":null}},"21":{"start":{"line":37,"column":19},"end":{"line":37,"column":null}},"22":{"start":{"line":39,"column":21},"end":{"line":39,"column":null}},"23":{"start":{"line":40,"column":22},"end":{"line":40,"column":null}},"24":{"start":{"line":41,"column":25},"end":{"line":41,"column":null}},"25":{"start":{"line":43,"column":6},"end":{"line":43,"column":null}},"26":{"start":{"line":43,"column":26},"end":{"line":43,"column":49}},"27":{"start":{"line":45,"column":6},"end":{"line":52,"column":null}},"28":{"start":{"line":46,"column":32},"end":{"line":46,"column":null}},"29":{"start":{"line":47,"column":8},"end":{"line":47,"column":null}},"30":{"start":{"line":47,"column":18},"end":{"line":47,"column":null}},"31":{"start":{"line":49,"column":22},"end":{"line":49,"column":null}},"32":{"start":{"line":50,"column":8},"end":{"line":50,"column":null}},"33":{"start":{"line":51,"column":8},"end":{"line":51,"column":null}},"34":{"start":{"line":51,"column":28},"end":{"line":51,"column":87}},"35":{"start":{"line":51,"column":42},"end":{"line":51,"column":86}},"36":{"start":{"line":54,"column":6},"end":{"line":54,"column":null}},"37":{"start":{"line":55,"column":6},"end":{"line":55,"column":null}},"38":{"start":{"line":55,"column":26},"end":{"line":55,"column":105}},"39":{"start":{"line":57,"column":6},"end":{"line":57,"column":null}},"40":{"start":{"line":61,"column":2},"end":{"line":61,"column":null}},"41":{"start":{"line":61,"column":15},"end":{"line":61,"column":null}},"42":{"start":{"line":63,"column":2},"end":{"line":100,"column":null}},"43":{"start":{"line":74,"column":22},"end":{"line":74,"column":null}},"44":{"start":{"line":82,"column":12},"end":{"line":84,"column":null}},"45":{"start":{"line":92,"column":27},"end":{"line":92,"column":null}}},"fnMap":{"0":{"name":"(anonymous_0)","decl":{"start":{"line":8,"column":24},"end":{"line":8,"column":25}},"loc":{"start":{"line":8,"column":49},"end":{"line":102,"column":null}},"line":8},"1":{"name":"(anonymous_1)","decl":{"start":{"line":15,"column":12},"end":{"line":15,"column":18}},"loc":{"start":{"line":15,"column":18},"end":{"line":19,"column":5}},"line":15},"2":{"name":"(anonymous_2)","decl":{"start":{"line":21,"column":22},"end":{"line":21,"column":29}},"loc":{"start":{"line":21,"column":35},"end":{"line":59,"column":null}},"line":21},"3":{"name":"(anonymous_3)","decl":{"start":{"line":26,"column":16},"end":{"line":26,"column":24}},"loc":{"start":{"line":26,"column":24},"end":{"line":26,"column":42}},"line":26},"4":{"name":"(anonymous_4)","decl":{"start":{"line":43,"column":18},"end":{"line":43,"column":26}},"loc":{"start":{"line":43,"column":26},"end":{"line":43,"column":49}},"line":43},"5":{"name":"(anonymous_5)","decl":{"start":{"line":51,"column":20},"end":{"line":51,"column":28}},"loc":{"start":{"line":51,"column":28},"end":{"line":51,"column":87}},"line":51},"6":{"name":"(anonymous_6)","decl":{"start":{"line":51,"column":37},"end":{"line":51,"column":42}},"loc":{"start":{"line":51,"column":42},"end":{"line":51,"column":86}},"line":51},"7":{"name":"(anonymous_7)","decl":{"start":{"line":55,"column":18},"end":{"line":55,"column":26}},"loc":{"start":{"line":55,"column":26},"end":{"line":55,"column":105}},"line":55},"8":{"name":"(anonymous_8)","decl":{"start":{"line":74,"column":17},"end":{"line":74,"column":22}},"loc":{"start":{"line":74,"column":22},"end":{"line":74,"column":null}},"line":74},"9":{"name":"(anonymous_9)","decl":{"start":{"line":81,"column":24},"end":{"line":81,"column":25}},"loc":{"start":{"line":82,"column":12},"end":{"line":84,"column":null}},"line":82},"10":{"name":"(anonymous_10)","decl":{"start":{"line":92,"column":22},"end":{"line":92,"column":27}},"loc":{"start":{"line":92,"column":27},"end":{"line":92,"column":null}},"line":92}},"branchMap":{"0":{"loc":{"start":{"line":16,"column":4},"end":{"line":18,"column":null}},"type":"if","locations":[{"start":{"line":16,"column":4},"end":{"line":18,"column":null}},{"start":{},"end":{}}],"line":16},"1":{"loc":{"start":{"line":23,"column":4},"end":{"line":23,"column":null}},"type":"if","locations":[{"start":{"line":23,"column":4},"end":{"line":23,"column":null}},{"start":{},"end":{}}],"line":23},"2":{"loc":{"start":{"line":23,"column":8},"end":{"line":23,"column":34}},"type":"binary-expr","locations":[{"start":{"line":23,"column":8},"end":{"line":23,"column":25}},{"start":{"line":23,"column":25},"end":{"line":23,"column":34}}],"line":23},"3":{"loc":{"start":{"line":37,"column":6},"end":{"line":37,"column":null}},"type":"if","locations":[{"start":{"line":37,"column":6},"end":{"line":37,"column":null}},{"start":{},"end":{}}],"line":37},"4":{"loc":{"start":{"line":47,"column":8},"end":{"line":47,"column":null}},"type":"if","locations":[{"start":{"line":47,"column":8},"end":{"line":47,"column":null}},{"start":{},"end":{}}],"line":47},"5":{"loc":{"start":{"line":51,"column":42},"end":{"line":51,"column":86}},"type":"cond-expr","locations":[{"start":{"line":51,"column":63},"end":{"line":51,"column":85}},{"start":{"line":51,"column":85},"end":{"line":51,"column":86}}],"line":51},"6":{"loc":{"start":{"line":61,"column":2},"end":{"line":61,"column":null}},"type":"if","locations":[{"start":{"line":61,"column":2},"end":{"line":61,"column":null}},{"start":{},"end":{}}],"line":61},"7":{"loc":{"start":{"line":86,"column":11},"end":{"line":86,"column":null}},"type":"binary-expr","locations":[{"start":{"line":86,"column":11},"end":{"line":86,"column":22}},{"start":{"line":86,"column":22},"end":{"line":86,"column":null}}],"line":86},"8":{"loc":{"start":{"line":97,"column":42},"end":{"line":97,"column":68}},"type":"binary-expr","locations":[{"start":{"line":97,"column":42},"end":{"line":97,"column":59}},{"start":{"line":97,"column":59},"end":{"line":97,"column":68}}],"line":97}},"s":{"0":1,"1":35,"2":35,"3":35,"4":35,"5":35,"6":35,"7":9,"8":8,"9":35,"10":3,"11":3,"12":0,"13":3,"14":3,"15":3,"16":3,"17":3,"18":3,"19":3,"20":2,"21":2,"22":2,"23":2,"24":2,"25":2,"26":2,"27":2,"28":3,"29":2,"30":2,"31":1,"32":1,"33":1,"34":1,"35":2,"36":1,"37":1,"38":1,"39":2,"40":35,"41":1,"42":34,"43":7,"44":12,"45":18},"f":{"0":35,"1":9,"2":3,"3":3,"4":2,"5":1,"6":2,"7":1,"8":7,"9":12,"10":18},"b":{"0":[8,1],"1":[0,3],"2":[3,3],"3":[0,2],"4":[1,1],"5":[1,1],"6":[1,34],"7":[34,6],"8":[35,18]},"meta":{"lastBranch":9,"lastFunction":11,"lastStatement":46,"seen":{"s:8:24:102:Infinity":0,"f:8:24:8:25":0,"s:9:30:9:Infinity":1,"s:10:24:10:Infinity":2,"s:11:28:11:Infinity":3,"s:12:8:12:Infinity":4,"s:13:8:13:Infinity":5,"s:15:2:19:Infinity":6,"f:15:12:15:18":1,"b:16:4:18:Infinity:undefined:undefined:undefined:undefined":0,"s:16:4:18:Infinity":7,"s:17:6:17:Infinity":8,"s:21:22:59:Infinity":9,"f:21:22:21:29":2,"s:22:4:22:Infinity":10,"b:23:4:23:Infinity:undefined:undefined:undefined:undefined":1,"s:23:4:23:Infinity":11,"b:23:8:23:25:23:25:23:34":2,"s:23:34:23:Infinity":12,"s:25:20:25:Infinity":13,"s:26:4:26:Infinity":14,"f:26:16:26:24":3,"s:26:24:26:42":15,"s:27:4:27:Infinity":16,"s:28:4:28:Infinity":17,"s:30:4:58:Infinity":18,"s:31:18:35:Infinity":19,"b:37:6:37:Infinity:undefined:undefined:undefined:undefined":3,"s:37:6:37:Infinity":20,"s:37:19:37:Infinity":21,"s:39:21:39:Infinity":22,"s:40:22:40:Infinity":23,"s:41:25:41:Infinity":24,"s:43:6:43:Infinity":25,"f:43:18:43:26":4,"s:43:26:43:49":26,"s:45:6:52:Infinity":27,"s:46:32:46:Infinity":28,"b:47:8:47:Infinity:undefined:undefined:undefined:undefined":4,"s:47:8:47:Infinity":29,"s:47:18:47:Infinity":30,"s:49:22:49:Infinity":31,"s:50:8:50:Infinity":32,"s:51:8:51:Infinity":33,"f:51:20:51:28":5,"s:51:28:51:87":34,"f:51:37:51:42":6,"s:51:42:51:86":35,"b:51:63:51:85:51:85:51:86":5,"s:54:6:54:Infinity":36,"s:55:6:55:Infinity":37,"f:55:18:55:26":7,"s:55:26:55:105":38,"s:57:6:57:Infinity":39,"b:61:2:61:Infinity:undefined:undefined:undefined:undefined":6,"s:61:2:61:Infinity":40,"s:61:15:61:Infinity":41,"s:63:2:100:Infinity":42,"f:74:17:74:22":8,"s:74:22:74:Infinity":43,"f:81:24:81:25":9,"s:82:12:84:Infinity":44,"b:86:11:86:22:86:22:86:Infinity":7,"f:92:22:92:27":10,"s:92:27:92:Infinity":45,"b:97:42:97:59:97:59:97:68":8}}},"D:\\project\\tech_genius_project\\backend\\services\\wikipedia-service.js":{"path":"D:\\project\\tech_genius_project\\backend\\services\\wikipedia-service.js","statementMap":{"0":{"start":{"line":6,"column":4},"end":{"line":6,"column":27}},"1":{"start":{"line":7,"column":4},"end":{"line":7,"column":19}},"2":{"start":{"line":8,"column":4},"end":{"line":8,"column":27}},"3":{"start":{"line":9,"column":4},"end":{"line":9,"column":32}},"4":{"start":{"line":10,"column":4},"end":{"line":10,"column":18}},"5":{"start":{"line":11,"column":4},"end":{"line":11,"column":20}},"6":{"start":{"line":15,"column":4},"end":{"line":18,"column":5}},"7":{"start":{"line":16,"column":6},"end":{"line":16,"column":20}},"8":{"start":{"line":17,"column":6},"end":{"line":17,"column":18}},"9":{"start":{"line":20,"column":22},"end":{"line":20,"column":46}},"10":{"start":{"line":21,"column":4},"end":{"line":26,"column":5}},"11":{"start":{"line":22,"column":6},"end":{"line":22,"column":29}},"12":{"start":{"line":23,"column":6},"end":{"line":23,"column":34}},"13":{"start":{"line":24,"column":6},"end":{"line":24,"column":20}},"14":{"start":{"line":25,"column":6},"end":{"line":25,"column":18}},"15":{"start":{"line":29,"column":18},"end":{"line":29,"column":37}},"16":{"start":{"line":30,"column":4},"end":{"line":30,"column":27}},"17":{"start":{"line":31,"column":4},"end":{"line":31,"column":31}},"18":{"start":{"line":32,"column":4},"end":{"line":32,"column":32}},"19":{"start":{"line":33,"column":4},"end":{"line":33,"column":41}},"20":{"start":{"line":34,"column":4},"end":{"line":34,"column":16}},"21":{"start":{"line":35,"column":4},"end":{"line":35,"column":17}},"22":{"start":{"line":39,"column":4},"end":{"line":42,"column":5}},"23":{"start":{"line":40,"column":6},"end":{"line":40,"column":29}},"24":{"start":{"line":41,"column":6},"end":{"line":41,"column":34}},"25":{"start":{"line":44,"column":4},"end":{"line":48,"column":5}},"26":{"start":{"line":45,"column":23},"end":{"line":45,"column":53}},"27":{"start":{"line":46,"column":6},"end":{"line":46,"column":34}},"28":{"start":{"line":47,"column":6},"end":{"line":47,"column":39}},"29":{"start":{"line":50,"column":4},"end":{"line":50,"column":31}},"30":{"start":{"line":51,"column":4},"end":{"line":51,"column":41}},"31":{"start":{"line":55,"column":4},"end":{"line":55,"column":23}},"32":{"start":{"line":56,"column":4},"end":{"line":56,"column":28}},"33":{"start":{"line":57,"column":4},"end":{"line":57,"column":18}},"34":{"start":{"line":58,"column":4},"end":{"line":58,"column":20}},"35":{"start":{"line":62,"column":18},"end":{"line":62,"column":41}},"36":{"start":{"line":63,"column":20},"end":{"line":63,"column":76}},"37":{"start":{"line":64,"column":4},"end":{"line":71,"column":6}},"38":{"start":{"line":77,"column":4},"end":{"line":77,"column":32}},"39":{"start":{"line":78,"column":4},"end":{"line":78,"column":58}},"40":{"start":{"line":79,"column":4},"end":{"line":79,"column":24}},"41":{"start":{"line":80,"column":4},"end":{"line":80,"column":25}},"42":{"start":{"line":84,"column":21},"end":{"line":84,"column":51}},"43":{"start":{"line":85,"column":19},"end":{"line":85,"column":43}},"44":{"start":{"line":86,"column":4},"end":{"line":88,"column":5}},"45":{"start":{"line":87,"column":6},"end":{"line":87,"column":44}},"46":{"start":{"line":90,"column":4},"end":{"line":113,"column":5}},"47":{"start":{"line":91,"column":22},"end":{"line":93,"column":57}},"48":{"start":{"line":95,"column":18},"end":{"line":95,"column":72}},"49":{"start":{"line":96,"column":19},"end":{"line":96,"column":50}},"50":{"start":{"line":99,"column":22},"end":{"line":107,"column":7}},"51":{"start":{"line":109,"column":6},"end":{"line":109,"column":40}},"52":{"start":{"line":110,"column":6},"end":{"line":110,"column":46}},"53":{"start":{"line":112,"column":6},"end":{"line":112,"column":31}},"54":{"start":{"line":117,"column":21},"end":{"line":117,"column":59}},"55":{"start":{"line":118,"column":19},"end":{"line":118,"column":43}},"56":{"start":{"line":119,"column":4},"end":{"line":121,"column":5}},"57":{"start":{"line":120,"column":6},"end":{"line":120,"column":44}},"58":{"start":{"line":123,"column":4},"end":{"line":147,"column":5}},"59":{"start":{"line":124,"column":22},"end":{"line":126,"column":57}},"60":{"start":{"line":128,"column":18},"end":{"line":128,"column":88}},"61":{"start":{"line":129,"column":19},"end":{"line":129,"column":50}},"62":{"start":{"line":131,"column":22},"end":{"line":141,"column":7}},"63":{"start":{"line":133,"column":47},"end":{"line":139,"column":9}},"64":{"start":{"line":143,"column":6},"end":{"line":143,"column":40}},"65":{"start":{"line":144,"column":6},"end":{"line":144,"column":46}},"66":{"start":{"line":146,"column":6},"end":{"line":146,"column":31}},"67":{"start":{"line":151,"column":4},"end":{"line":202,"column":5}},"68":{"start":{"line":152,"column":25},"end":{"line":152,"column":46}},"69":{"start":{"line":153,"column":24},"end":{"line":153,"column":74}},"70":{"start":{"line":153,"column":41},"end":{"line":153,"column":59}},"71":{"start":{"line":155,"column":23},"end":{"line":161,"column":8}},"72":{"start":{"line":163,"column":6},"end":{"line":163,"column":30}},"73":{"start":{"line":165,"column":6},"end":{"line":171,"column":7}},"74":{"start":{"line":166,"column":22},"end":{"line":166,"column":58}},"75":{"start":{"line":167,"column":8},"end":{"line":167,"column":39}},"76":{"start":{"line":168,"column":8},"end":{"line":168,"column":33}},"77":{"start":{"line":169,"column":8},"end":{"line":169,"column":31}},"78":{"start":{"line":170,"column":8},"end":{"line":170,"column":20}},"79":{"start":{"line":173,"column":6},"end":{"line":184,"column":7}},"80":{"start":{"line":174,"column":8},"end":{"line":178,"column":9}},"81":{"start":{"line":175,"column":26},"end":{"line":175,"column":53}},"82":{"start":{"line":176,"column":10},"end":{"line":176,"column":69}},"83":{"start":{"line":176,"column":39},"end":{"line":176,"column":67}},"84":{"start":{"line":177,"column":10},"end":{"line":177,"column":56}},"85":{"start":{"line":179,"column":22},"end":{"line":179,"column":75}},"86":{"start":{"line":180,"column":8},"end":{"line":180,"column":39}},"87":{"start":{"line":181,"column":8},"end":{"line":181,"column":34}},"88":{"start":{"line":182,"column":8},"end":{"line":182,"column":31}},"89":{"start":{"line":183,"column":8},"end":{"line":183,"column":20}},"90":{"start":{"line":186,"column":6},"end":{"line":191,"column":7}},"91":{"start":{"line":187,"column":22},"end":{"line":187,"column":72}},"92":{"start":{"line":188,"column":8},"end":{"line":188,"column":39}},"93":{"start":{"line":189,"column":8},"end":{"line":189,"column":43}},"94":{"start":{"line":190,"column":8},"end":{"line":190,"column":20}},"95":{"start":{"line":193,"column":19},"end":{"line":193,"column":40}},"96":{"start":{"line":194,"column":6},"end":{"line":194,"column":18}},"97":{"start":{"line":196,"column":6},"end":{"line":200,"column":7}},"98":{"start":{"line":197,"column":24},"end":{"line":197,"column":51}},"99":{"start":{"line":198,"column":8},"end":{"line":198,"column":67}},"100":{"start":{"line":198,"column":37},"end":{"line":198,"column":65}},"101":{"start":{"line":199,"column":8},"end":{"line":199,"column":54}},"102":{"start":{"line":201,"column":6},"end":{"line":201,"column":18}},"103":{"start":{"line":206,"column":4},"end":{"line":206,"column":61}},"104":{"start":{"line":208,"column":4},"end":{"line":210,"column":5}},"105":{"start":{"line":209,"column":6},"end":{"line":209,"column":18}},"106":{"start":{"line":213,"column":4},"end":{"line":219,"column":5}},"107":{"start":{"line":214,"column":27},"end":{"line":214,"column":75}},"108":{"start":{"line":215,"column":6},"end":{"line":215,"column":44}},"109":{"start":{"line":216,"column":6},"end":{"line":216,"column":36}},"110":{"start":{"line":217,"column":6},"end":{"line":217,"column":36}},"111":{"start":{"line":218,"column":6},"end":{"line":218,"column":25}},"112":{"start":{"line":222,"column":25},"end":{"line":222,"column":54}},"113":{"start":{"line":223,"column":4},"end":{"line":223,"column":42}},"114":{"start":{"line":224,"column":4},"end":{"line":224,"column":40}},"115":{"start":{"line":225,"column":4},"end":{"line":225,"column":34}},"116":{"start":{"line":226,"column":4},"end":{"line":226,"column":23}},"117":{"start":{"line":230,"column":4},"end":{"line":230,"column":30}},"118":{"start":{"line":234,"column":4},"end":{"line":234,"column":23}},"119":{"start":{"line":238,"column":32},"end":{"line":238,"column":54}}},"fnMap":{"0":{"name":"(anonymous_0)","decl":{"start":{"line":5,"column":2},"end":{"line":5,"column":13}},"loc":{"start":{"line":5,"column":51},"end":{"line":12,"column":3}},"line":5},"1":{"name":"(anonymous_1)","decl":{"start":{"line":14,"column":2},"end":{"line":14,"column":5}},"loc":{"start":{"line":14,"column":11},"end":{"line":36,"column":3}},"line":14},"2":{"name":"(anonymous_2)","decl":{"start":{"line":38,"column":2},"end":{"line":38,"column":5}},"loc":{"start":{"line":38,"column":18},"end":{"line":52,"column":3}},"line":38},"3":{"name":"(anonymous_3)","decl":{"start":{"line":54,"column":2},"end":{"line":54,"column":7}},"loc":{"start":{"line":54,"column":10},"end":{"line":59,"column":3}},"line":54},"4":{"name":"(anonymous_4)","decl":{"start":{"line":61,"column":2},"end":{"line":61,"column":7}},"loc":{"start":{"line":61,"column":10},"end":{"line":72,"column":3}},"line":61},"5":{"name":"(anonymous_5)","decl":{"start":{"line":76,"column":2},"end":{"line":76,"column":13}},"loc":{"start":{"line":76,"column":16},"end":{"line":81,"column":3}},"line":76},"6":{"name":"(anonymous_6)","decl":{"start":{"line":83,"column":8},"end":{"line":83,"column":18}},"loc":{"start":{"line":83,"column":43},"end":{"line":114,"column":3}},"line":83},"7":{"name":"(anonymous_7)","decl":{"start":{"line":116,"column":8},"end":{"line":116,"column":14}},"loc":{"start":{"line":116,"column":51},"end":{"line":148,"column":3}},"line":116},"8":{"name":"(anonymous_8)","decl":{"start":{"line":133,"column":38},"end":{"line":133,"column":42}},"loc":{"start":{"line":133,"column":47},"end":{"line":139,"column":9}},"line":133},"9":{"name":"(anonymous_9)","decl":{"start":{"line":150,"column":8},"end":{"line":150,"column":23}},"loc":{"start":{"line":150,"column":42},"end":{"line":203,"column":3}},"line":150},"10":{"name":"(anonymous_10)","decl":{"start":{"line":153,"column":35},"end":{"line":153,"column":36}},"loc":{"start":{"line":153,"column":41},"end":{"line":153,"column":59}},"line":153},"11":{"name":"(anonymous_11)","decl":{"start":{"line":176,"column":28},"end":{"line":176,"column":35}},"loc":{"start":{"line":176,"column":39},"end":{"line":176,"column":67}},"line":176},"12":{"name":"(anonymous_12)","decl":{"start":{"line":198,"column":26},"end":{"line":198,"column":33}},"loc":{"start":{"line":198,"column":37},"end":{"line":198,"column":65}},"line":198},"13":{"name":"(anonymous_13)","decl":{"start":{"line":205,"column":2},"end":{"line":205,"column":14}},"loc":{"start":{"line":205,"column":22},"end":{"line":227,"column":3}},"line":205},"14":{"name":"(anonymous_14)","decl":{"start":{"line":229,"column":2},"end":{"line":229,"column":15}},"loc":{"start":{"line":229,"column":18},"end":{"line":231,"column":3}},"line":229},"15":{"name":"(anonymous_15)","decl":{"start":{"line":233,"column":2},"end":{"line":233,"column":12}},"loc":{"start":{"line":233,"column":15},"end":{"line":235,"column":3}},"line":233}},"branchMap":{"0":{"loc":{"start":{"line":5,"column":14},"end":{"line":5,"column":27}},"type":"default-arg","locations":[{"start":{"line":5,"column":24},"end":{"line":5,"column":27}}],"line":5},"1":{"loc":{"start":{"line":5,"column":29},"end":{"line":5,"column":49}},"type":"default-arg","locations":[{"start":{"line":5,"column":35},"end":{"line":5,"column":49}}],"line":5},"2":{"loc":{"start":{"line":15,"column":4},"end":{"line":18,"column":5}},"type":"if","locations":[{"start":{"line":15,"column":4},"end":{"line":18,"column":5}},{"start":{},"end":{}}],"line":15},"3":{"loc":{"start":{"line":21,"column":4},"end":{"line":26,"column":5}},"type":"if","locations":[{"start":{"line":21,"column":4},"end":{"line":26,"column":5}},{"start":{},"end":{}}],"line":21},"4":{"loc":{"start":{"line":39,"column":4},"end":{"line":42,"column":5}},"type":"if","locations":[{"start":{"line":39,"column":4},"end":{"line":42,"column":5}},{"start":{},"end":{}}],"line":39},"5":{"loc":{"start":{"line":44,"column":4},"end":{"line":48,"column":5}},"type":"if","locations":[{"start":{"line":44,"column":4},"end":{"line":48,"column":5}},{"start":{},"end":{}}],"line":44},"6":{"loc":{"start":{"line":63,"column":20},"end":{"line":63,"column":76}},"type":"cond-expr","locations":[{"start":{"line":63,"column":34},"end":{"line":63,"column":35}},{"start":{"line":63,"column":38},"end":{"line":63,"column":76}}],"line":63},"7":{"loc":{"start":{"line":83,"column":26},"end":{"line":83,"column":41}},"type":"default-arg","locations":[{"start":{"line":83,"column":37},"end":{"line":83,"column":41}}],"line":83},"8":{"loc":{"start":{"line":86,"column":4},"end":{"line":88,"column":5}},"type":"if","locations":[{"start":{"line":86,"column":4},"end":{"line":88,"column":5}},{"start":{},"end":{}}],"line":86},"9":{"loc":{"start":{"line":91,"column":22},"end":{"line":93,"column":57}},"type":"cond-expr","locations":[{"start":{"line":92,"column":10},"end":{"line":92,"column":48}},{"start":{"line":93,"column":10},"end":{"line":93,"column":57}}],"line":91},"10":{"loc":{"start":{"line":101,"column":21},"end":{"line":101,"column":43}},"type":"binary-expr","locations":[{"start":{"line":101,"column":21},"end":{"line":101,"column":37}},{"start":{"line":101,"column":41},"end":{"line":101,"column":43}}],"line":101},"11":{"loc":{"start":{"line":102,"column":17},"end":{"line":102,"column":35}},"type":"binary-expr","locations":[{"start":{"line":102,"column":17},"end":{"line":102,"column":29}},{"start":{"line":102,"column":33},"end":{"line":102,"column":35}}],"line":102},"12":{"loc":{"start":{"line":103,"column":19},"end":{"line":103,"column":41}},"type":"binary-expr","locations":[{"start":{"line":103,"column":19},"end":{"line":103,"column":33}},{"start":{"line":103,"column":37},"end":{"line":103,"column":41}}],"line":103},"13":{"loc":{"start":{"line":104,"column":23},"end":{"line":104,"column":49}},"type":"binary-expr","locations":[{"start":{"line":104,"column":23},"end":{"line":104,"column":41}},{"start":{"line":104,"column":45},"end":{"line":104,"column":49}}],"line":104},"14":{"loc":{"start":{"line":105,"column":13},"end":{"line":105,"column":53}},"type":"binary-expr","locations":[{"start":{"line":105,"column":13},"end":{"line":105,"column":45}},{"start":{"line":105,"column":49},"end":{"line":105,"column":53}}],"line":105},"15":{"loc":{"start":{"line":116,"column":22},"end":{"line":116,"column":32}},"type":"default-arg","locations":[{"start":{"line":116,"column":30},"end":{"line":116,"column":32}}],"line":116},"16":{"loc":{"start":{"line":116,"column":34},"end":{"line":116,"column":49}},"type":"default-arg","locations":[{"start":{"line":116,"column":45},"end":{"line":116,"column":49}}],"line":116},"17":{"loc":{"start":{"line":119,"column":4},"end":{"line":121,"column":5}},"type":"if","locations":[{"start":{"line":119,"column":4},"end":{"line":121,"column":5}},{"start":{},"end":{}}],"line":119},"18":{"loc":{"start":{"line":124,"column":22},"end":{"line":126,"column":57}},"type":"cond-expr","locations":[{"start":{"line":125,"column":10},"end":{"line":125,"column":48}},{"start":{"line":126,"column":10},"end":{"line":126,"column":57}}],"line":124},"19":{"loc":{"start":{"line":133,"column":16},"end":{"line":133,"column":32}},"type":"binary-expr","locations":[{"start":{"line":133,"column":16},"end":{"line":133,"column":26}},{"start":{"line":133,"column":30},"end":{"line":133,"column":32}}],"line":133},"20":{"loc":{"start":{"line":136,"column":23},"end":{"line":136,"column":45}},"type":"binary-expr","locations":[{"start":{"line":136,"column":23},"end":{"line":136,"column":39}},{"start":{"line":136,"column":43},"end":{"line":136,"column":45}}],"line":136},"21":{"loc":{"start":{"line":137,"column":21},"end":{"line":137,"column":43}},"type":"binary-expr","locations":[{"start":{"line":137,"column":21},"end":{"line":137,"column":35}},{"start":{"line":137,"column":39},"end":{"line":137,"column":43}}],"line":137},"22":{"loc":{"start":{"line":138,"column":15},"end":{"line":138,"column":55}},"type":"binary-expr","locations":[{"start":{"line":138,"column":15},"end":{"line":138,"column":47}},{"start":{"line":138,"column":51},"end":{"line":138,"column":55}}],"line":138},"23":{"loc":{"start":{"line":150,"column":29},"end":{"line":150,"column":40}},"type":"default-arg","locations":[{"start":{"line":150,"column":39},"end":{"line":150,"column":40}}],"line":150},"24":{"loc":{"start":{"line":165,"column":6},"end":{"line":171,"column":7}},"type":"if","locations":[{"start":{"line":165,"column":6},"end":{"line":171,"column":7}},{"start":{},"end":{}}],"line":165},"25":{"loc":{"start":{"line":173,"column":6},"end":{"line":184,"column":7}},"type":"if","locations":[{"start":{"line":173,"column":6},"end":{"line":184,"column":7}},{"start":{},"end":{}}],"line":173},"26":{"loc":{"start":{"line":174,"column":8},"end":{"line":178,"column":9}},"type":"if","locations":[{"start":{"line":174,"column":8},"end":{"line":178,"column":9}},{"start":{},"end":{}}],"line":174},"27":{"loc":{"start":{"line":186,"column":6},"end":{"line":191,"column":7}},"type":"if","locations":[{"start":{"line":186,"column":6},"end":{"line":191,"column":7}},{"start":{},"end":{}}],"line":186},"28":{"loc":{"start":{"line":196,"column":6},"end":{"line":200,"column":7}},"type":"if","locations":[{"start":{"line":196,"column":6},"end":{"line":200,"column":7}},{"start":{},"end":{}}],"line":196},"29":{"loc":{"start":{"line":196,"column":10},"end":{"line":196,"column":65}},"type":"binary-expr","locations":[{"start":{"line":196,"column":10},"end":{"line":196,"column":35}},{"start":{"line":196,"column":39},"end":{"line":196,"column":65}}],"line":196},"30":{"loc":{"start":{"line":208,"column":4},"end":{"line":210,"column":5}},"type":"if","locations":[{"start":{"line":208,"column":4},"end":{"line":210,"column":5}},{"start":{},"end":{}}],"line":208},"31":{"loc":{"start":{"line":213,"column":4},"end":{"line":219,"column":5}},"type":"if","locations":[{"start":{"line":213,"column":4},"end":{"line":219,"column":5}},{"start":{},"end":{}}],"line":213}},"s":{"0":1,"1":1,"2":1,"3":1,"4":1,"5":1,"6":0,"7":0,"8":0,"9":0,"10":0,"11":0,"12":0,"13":0,"14":0,"15":0,"16":0,"17":0,"18":0,"19":0,"20":0,"21":0,"22":0,"23":0,"24":0,"25":0,"26":0,"27":0,"28":0,"29":0,"30":0,"31":0,"32":0,"33":0,"34":0,"35":0,"36":0,"37":0,"38":1,"39":1,"40":1,"41":1,"42":0,"43":0,"44":0,"45":0,"46":0,"47":0,"48":0,"49":0,"50":0,"51":0,"52":0,"53":0,"54":0,"55":0,"56":0,"57":0,"58":0,"59":0,"60":0,"61":0,"62":0,"63":0,"64":0,"65":0,"66":0,"67":0,"68":0,"69":0,"70":0,"71":0,"72":0,"73":0,"74":0,"75":0,"76":0,"77":0,"78":0,"79":0,"80":0,"81":0,"82":0,"83":0,"84":0,"85":0,"86":0,"87":0,"88":0,"89":0,"90":0,"91":0,"92":0,"93":0,"94":0,"95":0,"96":0,"97":0,"98":0,"99":0,"100":0,"101":0,"102":0,"103":0,"104":0,"105":0,"106":0,"107":0,"108":0,"109":0,"110":0,"111":0,"112":0,"113":0,"114":0,"115":0,"116":0,"117":0,"118":0,"119":1},"f":{"0":1,"1":0,"2":0,"3":0,"4":0,"5":1,"6":0,"7":0,"8":0,"9":0,"10":0,"11":0,"12":0,"13":0,"14":0,"15":0},"b":{"0":[1],"1":[1],"2":[0,0],"3":[0,0],"4":[0,0],"5":[0,0],"6":[0,0],"7":[0],"8":[0,0],"9":[0,0],"10":[0,0],"11":[0,0],"12":[0,0],"13":[0,0],"14":[0,0],"15":[0],"16":[0],"17":[0,0],"18":[0,0],"19":[0,0],"20":[0,0],"21":[0,0],"22":[0,0],"23":[0],"24":[0,0],"25":[0,0],"26":[0,0],"27":[0,0],"28":[0,0],"29":[0,0],"30":[0,0],"31":[0,0]},"meta":{"lastBranch":32,"lastFunction":16,"lastStatement":120,"seen":{"f:5:2:5:13":0,"b:5:24:5:27":0,"b:5:35:5:49":1,"s:6:4:6:27":0,"s:7:4:7:19":1,"s:8:4:8:27":2,"s:9:4:9:32":3,"s:10:4:10:18":4,"s:11:4:11:20":5,"f:14:2:14:5":1,"b:15:4:18:5:undefined:undefined:undefined:undefined":2,"s:15:4:18:5":6,"s:16:6:16:20":7,"s:17:6:17:18":8,"s:20:22:20:46":9,"b:21:4:26:5:undefined:undefined:undefined:undefined":3,"s:21:4:26:5":10,"s:22:6:22:29":11,"s:23:6:23:34":12,"s:24:6:24:20":13,"s:25:6:25:18":14,"s:29:18:29:37":15,"s:30:4:30:27":16,"s:31:4:31:31":17,"s:32:4:32:32":18,"s:33:4:33:41":19,"s:34:4:34:16":20,"s:35:4:35:17":21,"f:38:2:38:5":2,"b:39:4:42:5:undefined:undefined:undefined:undefined":4,"s:39:4:42:5":22,"s:40:6:40:29":23,"s:41:6:41:34":24,"b:44:4:48:5:undefined:undefined:undefined:undefined":5,"s:44:4:48:5":25,"s:45:23:45:53":26,"s:46:6:46:34":27,"s:47:6:47:39":28,"s:50:4:50:31":29,"s:51:4:51:41":30,"f:54:2:54:7":3,"s:55:4:55:23":31,"s:56:4:56:28":32,"s:57:4:57:18":33,"s:58:4:58:20":34,"f:61:2:61:7":4,"s:62:18:62:41":35,"s:63:20:63:76":36,"b:63:34:63:35:63:38:63:76":6,"s:64:4:71:6":37,"f:76:2:76:13":5,"s:77:4:77:32":38,"s:78:4:78:58":39,"s:79:4:79:24":40,"s:80:4:80:25":41,"f:83:8:83:18":6,"b:83:37:83:41":7,"s:84:21:84:51":42,"s:85:19:85:43":43,"b:86:4:88:5:undefined:undefined:undefined:undefined":8,"s:86:4:88:5":44,"s:87:6:87:44":45,"s:90:4:113:5":46,"s:91:22:93:57":47,"b:92:10:92:48:93:10:93:57":9,"s:95:18:95:72":48,"s:96:19:96:50":49,"s:99:22:107:7":50,"b:101:21:101:37:101:41:101:43":10,"b:102:17:102:29:102:33:102:35":11,"b:103:19:103:33:103:37:103:41":12,"b:104:23:104:41:104:45:104:49":13,"b:105:13:105:45:105:49:105:53":14,"s:109:6:109:40":51,"s:110:6:110:46":52,"s:112:6:112:31":53,"f:116:8:116:14":7,"b:116:30:116:32":15,"b:116:45:116:49":16,"s:117:21:117:59":54,"s:118:19:118:43":55,"b:119:4:121:5:undefined:undefined:undefined:undefined":17,"s:119:4:121:5":56,"s:120:6:120:44":57,"s:123:4:147:5":58,"s:124:22:126:57":59,"b:125:10:125:48:126:10:126:57":18,"s:128:18:128:88":60,"s:129:19:129:50":61,"s:131:22:141:7":62,"b:133:16:133:26:133:30:133:32":19,"f:133:38:133:42":8,"s:133:47:139:9":63,"b:136:23:136:39:136:43:136:45":20,"b:137:21:137:35:137:39:137:43":21,"b:138:15:138:47:138:51:138:55":22,"s:143:6:143:40":64,"s:144:6:144:46":65,"s:146:6:146:31":66,"f:150:8:150:23":9,"b:150:39:150:40":23,"s:151:4:202:5":67,"s:152:25:152:46":68,"s:153:24:153:74":69,"f:153:35:153:36":10,"s:153:41:153:59":70,"s:155:23:161:8":71,"s:163:6:163:30":72,"b:165:6:171:7:undefined:undefined:undefined:undefined":24,"s:165:6:171:7":73,"s:166:22:166:58":74,"s:167:8:167:39":75,"s:168:8:168:33":76,"s:169:8:169:31":77,"s:170:8:170:20":78,"b:173:6:184:7:undefined:undefined:undefined:undefined":25,"s:173:6:184:7":79,"b:174:8:178:9:undefined:undefined:undefined:undefined":26,"s:174:8:178:9":80,"s:175:26:175:53":81,"s:176:10:176:69":82,"f:176:28:176:35":11,"s:176:39:176:67":83,"s:177:10:177:56":84,"s:179:22:179:75":85,"s:180:8:180:39":86,"s:181:8:181:34":87,"s:182:8:182:31":88,"s:183:8:183:20":89,"b:186:6:191:7:undefined:undefined:undefined:undefined":27,"s:186:6:191:7":90,"s:187:22:187:72":91,"s:188:8:188:39":92,"s:189:8:189:43":93,"s:190:8:190:20":94,"s:193:19:193:40":95,"s:194:6:194:18":96,"b:196:6:200:7:undefined:undefined:undefined:undefined":28,"s:196:6:200:7":97,"b:196:10:196:35:196:39:196:65":29,"s:197:24:197:51":98,"s:198:8:198:67":99,"f:198:26:198:33":12,"s:198:37:198:65":100,"s:199:8:199:54":101,"s:201:6:201:18":102,"f:205:2:205:14":13,"s:206:4:206:61":103,"b:208:4:210:5:undefined:undefined:undefined:undefined":30,"s:208:4:210:5":104,"s:209:6:209:18":105,"b:213:4:219:5:undefined:undefined:undefined:undefined":31,"s:213:4:219:5":106,"s:214:27:214:75":107,"s:215:6:215:44":108,"s:216:6:216:36":109,"s:217:6:217:36":110,"s:218:6:218:25":111,"s:222:25:222:54":112,"s:223:4:223:42":113,"s:224:4:224:40":114,"s:225:4:225:34":115,"s:226:4:226:23":116,"f:229:2:229:15":14,"s:230:4:230:30":117,"f:233:2:233:12":15,"s:234:4:234:23":118,"s:238:32:238:54":119}}}}}
